{
  "RSpec": {
    "coverage": {
      "/home/sash/Craft_Academy/newsProjectWeek7to9/newsroom_team2_api/app/models/article.rb": [
        1,
        null
      ],
      "/home/sash/Craft_Academy/newsProjectWeek7to9/newsroom_team2_api/app/models/application_record.rb": [
        1,
        1,
        null
      ],
      "/home/sash/Craft_Academy/newsProjectWeek7to9/newsroom_team2_api/app/controllers/application_controller.rb": [
        1,
        null
      ],
      "/home/sash/Craft_Academy/newsProjectWeek7to9/newsroom_team2_api/app/controllers/api/articles_controller.rb": [
        1,
        1,
        null,
        2,
        null,
        2,
        null,
        null
      ],
      "/home/sash/Craft_Academy/newsProjectWeek7to9/newsroom_team2_api/app/jobs/application_job.rb": [
        0,
        null,
        0
      ],
      "/home/sash/Craft_Academy/newsProjectWeek7to9/newsroom_team2_api/app/mailers/application_mailer.rb": [
        0,
        0,
        0,
        0
      ],
      "/home/sash/Craft_Academy/newsProjectWeek7to9/newsroom_team2_api/app/channels/application_cable/channel.rb": [
        0,
        0,
        0,
        0
      ],
      "/home/sash/Craft_Academy/newsProjectWeek7to9/newsroom_team2_api/app/channels/application_cable/connection.rb": [
        0,
        0,
        0,
        0
      ]
    },
    "timestamp": 1584644533
  }
}
